INFO - 06/16/21 13:45:52 - 0:00:00 - ============ Initialized logger ============
INFO - 06/16/21 13:45:52 - 0:00:00 - accumulate_gradients: 1
                                     ae_steps: ['cpp_sa', 'llvm_sa']
                                     amp: 2
                                     attention_dropout: 0.0
                                     batch_size: 32
                                     beam_size: 1
                                     bptt: 256
                                     bt_sample_temperature: 0
                                     bt_src_langs: ['llvm_sa', 'cpp_sa']
                                     bt_steps: [('llvm_sa', 'cpp_sa', 'llvm_sa'), ('cpp_sa', 'llvm_sa', 'cpp_sa')]
                                     clip_grad_norm: 5.0
                                     clm_steps: []
                                     command: python XLM/train.py --n_heads 8 --bt_steps 'llvm_sa-cpp_sa-llvm_sa,cpp_sa-llvm_sa-cpp_sa' --max_vocab '-1' --word_mask_keep_rand '0.8,0.1,0.1' --gen_tpb_multiplier 1 --word_blank '0.1' --n_layers 6 --save_periodic 1 --dump_path '/home/carl/TransCoder/output' --max_len 512 --bptt 256 --lambda_clm 1 --ae_steps 'cpp_sa,llvm_sa' --fp16 true --share_inout_emb true --lambda_mlm 1 --sinusoidal_embeddings false --mlm_steps '' --word_shuffle 3 --tokens_per_batch 2000 --has_sentences_ids true --attention_dropout 0 --split_data false --length_penalty 1 --max_epoch 200 --stopping_criterion '' --lambda_bt 1 --generate_hypothesis true --lambda_mt 1 --epoch_size 20 --data_path '/home/carl/TransCoder/data/data_aebt/cpp-llvm-.XLM-syml' --gelu_activation false --split_data_accross_gpu global --optimizer 'adam_inverse_sqrt,warmup_updates=10000,lr=0.0001,weight_decay=0.01' --eval_computation true --validation_metrics '' --eval_bleu true --dropout '0.1' --mt_steps '' --reload_emb '' --batch_size 32 --context_size 0 --word_dropout '0.1' --reload_model '/home/carl/TransCoder/output/bt_sa/1/periodic-149.pth,/home/carl/TransCoder/output/bt_sa/1/periodic-149.pth' --min_count 0 --eval_bleu_test_only false --group_by_size true --early_stopping false --sample_alpha 0 --word_pred '0.15' --amp 2 --max_batch_size 128 --clip_grad_norm 5 --emb_dim 1024 --encoder_only false --lgs 'cpp_sa-llvm_sa' --clm_steps '' --exp_name bt_sa --beam_size 1 --lambda_ae '0:1,100000:0.1,300000:0' --lg_sampling_factor '-1' --eval_only false --exp_id "s4myrbnauq"
                                     context_size: 0
                                     data_path: /home/carl/TransCoder/data/data_aebt/cpp-llvm-.XLM-syml
                                     debug: False
                                     debug_slurm: False
                                     debug_train: False
                                     dropout: 0.1
                                     dump_path: /home/carl/TransCoder/output/bt_sa/s4myrbnauq
                                     early_stopping: False
                                     emb_dim: 1024
                                     emb_dim_decoder: 1024
                                     emb_dim_encoder: 1024
                                     encoder_only: False
                                     epoch_size: 20
                                     eval_bleu: True
                                     eval_bleu_test_only: False
                                     eval_computation: True
                                     eval_only: False
                                     eval_temperature: None
                                     exp_id: s4myrbnauq
                                     exp_name: bt_sa
                                     fp16: True
                                     gelu_activation: False
                                     gen_tpb_multiplier: 1
                                     generate_hypothesis: True
                                     global_rank: 0
                                     group_by_size: True
                                     has_sentences_ids: True
                                     id2lang: {0: 'cpp_sa', 1: 'llvm_sa'}
                                     is_master: True
                                     is_slurm_job: False
                                     lambda_ae: 0:1,100000:0.1,300000:0
                                     lambda_bt: 1
                                     lambda_clm: 1
                                     lambda_mlm: 1
                                     lambda_mt: 1
                                     lang2id: {'cpp_sa': 0, 'llvm_sa': 1}
                                     langs: ['cpp_sa', 'llvm_sa']
                                     length_penalty: 1.0
                                     lg_sampling_factor: -1.0
                                     lgs: cpp_sa-llvm_sa
                                     local_rank: 0
                                     master_port: -1
                                     max_batch_size: 128
                                     max_epoch: 200
                                     max_len: 512
                                     max_vocab: -1
                                     min_count: 0
                                     mlm_steps: []
                                     mono_dataset: {'cpp_sa': {'train': '/home/carl/TransCoder/data/data_aebt/cpp-llvm-.XLM-syml/train.cpp_sa.pth', 'valid': '/home/carl/TransCoder/data/data_aebt/cpp-llvm-.XLM-syml/valid.cpp_sa.pth', 'test': '/home/carl/TransCoder/data/data_aebt/cpp-llvm-.XLM-syml/test.cpp_sa.pth'}, 'llvm_sa': {'train': '/home/carl/TransCoder/data/data_aebt/cpp-llvm-.XLM-syml/train.llvm_sa.pth', 'valid': '/home/carl/TransCoder/data/data_aebt/cpp-llvm-.XLM-syml/valid.llvm_sa.pth', 'test': '/home/carl/TransCoder/data/data_aebt/cpp-llvm-.XLM-syml/test.llvm_sa.pth'}}
                                     mt_steps: []
                                     multi_gpu: False
                                     multi_node: False
                                     n_gpu_per_node: 1
                                     n_heads: 8
                                     n_langs: 2
                                     n_layers: 6
                                     n_layers_decoder: 6
                                     n_layers_encoder: 6
                                     n_nodes: 1
                                     n_share_dec: 0
                                     node_id: 0
                                     number_samples: 1
                                     optimizer: adam_inverse_sqrt,warmup_updates=10000,lr=0.0001,weight_decay=0.01
                                     para_dataset: {('cpp_sa', 'llvm_sa'): {'valid': ('/home/carl/TransCoder/data/data_aebt/cpp-llvm-.XLM-syml/valid.cpp_sa-llvm_sa.cpp_sa.pth', '/home/carl/TransCoder/data/data_aebt/cpp-llvm-.XLM-syml/valid.cpp_sa-llvm_sa.llvm_sa.pth'), 'test': ('/home/carl/TransCoder/data/data_aebt/cpp-llvm-.XLM-syml/test.cpp_sa-llvm_sa.cpp_sa.pth', '/home/carl/TransCoder/data/data_aebt/cpp-llvm-.XLM-syml/test.cpp_sa-llvm_sa.llvm_sa.pth')}}
                                     reload_checkpoint: 
                                     reload_emb: 
                                     reload_model: /home/carl/TransCoder/output/bt_sa/1/periodic-149.pth,/home/carl/TransCoder/output/bt_sa/1/periodic-149.pth
                                     retry_mistmatching_types: False
                                     sample_alpha: 0.0
                                     save_periodic: 1
                                     separate_decoders: False
                                     share_inout_emb: True
                                     sinusoidal_embeddings: False
                                     split_data: False
                                     split_data_accross_gpu: global
                                     stopping_criterion: 
                                     tokens_per_batch: 2000
                                     use_lang_emb: True
                                     validation_metrics: 
                                     word_blank: 0.1
                                     word_dropout: 0.1
                                     word_keep: 0.1
                                     word_mask: 0.8
                                     word_mask_keep_rand: 0.8,0.1,0.1
                                     word_pred: 0.15
                                     word_rand: 0.1
                                     word_shuffle: 3.0
                                     world_size: 1
INFO - 06/16/21 13:45:52 - 0:00:00 - The experiment will be stored in /home/carl/TransCoder/output/bt_sa/s4myrbnauq
                                     
INFO - 06/16/21 13:45:52 - 0:00:00 - Running command: python XLM/train.py --n_heads 8 --bt_steps 'llvm_sa-cpp_sa-llvm_sa,cpp_sa-llvm_sa-cpp_sa' --max_vocab '-1' --word_mask_keep_rand '0.8,0.1,0.1' --gen_tpb_multiplier 1 --word_blank '0.1' --n_layers 6 --save_periodic 1 --dump_path '/home/carl/TransCoder/output' --max_len 512 --bptt 256 --lambda_clm 1 --ae_steps 'cpp_sa,llvm_sa' --fp16 true --share_inout_emb true --lambda_mlm 1 --sinusoidal_embeddings false --mlm_steps '' --word_shuffle 3 --tokens_per_batch 2000 --has_sentences_ids true --attention_dropout 0 --split_data false --length_penalty 1 --max_epoch 200 --stopping_criterion '' --lambda_bt 1 --generate_hypothesis true --lambda_mt 1 --epoch_size 20 --data_path '/home/carl/TransCoder/data/data_aebt/cpp-llvm-.XLM-syml' --gelu_activation false --split_data_accross_gpu global --optimizer 'adam_inverse_sqrt,warmup_updates=10000,lr=0.0001,weight_decay=0.01' --eval_computation true --validation_metrics '' --eval_bleu true --dropout '0.1' --mt_steps '' --reload_emb '' --batch_size 32 --context_size 0 --word_dropout '0.1' --reload_model '/home/carl/TransCoder/output/bt_sa/1/periodic-149.pth,/home/carl/TransCoder/output/bt_sa/1/periodic-149.pth' --min_count 0 --eval_bleu_test_only false --group_by_size true --early_stopping false --sample_alpha 0 --word_pred '0.15' --amp 2 --max_batch_size 128 --clip_grad_norm 5 --emb_dim 1024 --encoder_only false --lgs 'cpp_sa-llvm_sa' --clm_steps '' --exp_name bt_sa --beam_size 1 --lambda_ae '0:1,100000:0.1,300000:0' --lg_sampling_factor '-1' --eval_only false

WARNING - 06/16/21 13:45:52 - 0:00:00 - Signal handler installed.
INFO - 06/16/21 13:45:52 - 0:00:00 - ============ Monolingual data (cpp_sa)
INFO - 06/16/21 13:45:52 - 0:00:00 - Loading data from /home/carl/TransCoder/data/data_aebt/cpp-llvm-.XLM-syml/train.cpp_sa.pth ...
INFO - 06/16/21 13:45:52 - 0:00:00 - 51632193 words (48895 unique) in 14154 sentences. 0 unknown words (0 unique) covering 0.00% of the data.
INFO - 06/16/21 13:45:53 - 0:00:00 - Removed 0 empty sentences.
INFO - 06/16/21 13:45:53 - 0:00:00 - Removed 0 empty sentences.
INFO - 06/16/21 13:45:53 - 0:00:00 - Removed 9659 too long sentences.

INFO - 06/16/21 13:45:53 - 0:00:00 - Loading data from /home/carl/TransCoder/data/data_aebt/cpp-llvm-.XLM-syml/valid.cpp_sa.pth ...
INFO - 06/16/21 13:45:53 - 0:00:00 - 16722197 words (48895 unique) in 4720 sentences. 33 unknown words (6 unique) covering 0.00% of the data.
INFO - 06/16/21 13:45:53 - 0:00:00 - Removed 0 empty sentences.

INFO - 06/16/21 13:45:53 - 0:00:00 - Loading data from /home/carl/TransCoder/data/data_aebt/cpp-llvm-.XLM-syml/test.cpp_sa.pth ...
INFO - 06/16/21 13:45:53 - 0:00:01 - 17612052 words (48895 unique) in 4820 sentences. 23 unknown words (11 unique) covering 0.00% of the data.
INFO - 06/16/21 13:45:53 - 0:00:01 - Removed 0 empty sentences.

INFO - 06/16/21 13:45:53 - 0:00:01 - ============ Monolingual data (llvm_sa)
INFO - 06/16/21 13:45:53 - 0:00:01 - Loading data from /home/carl/TransCoder/data/data_aebt/cpp-llvm-.XLM-syml/train.llvm_sa.pth ...
INFO - 06/16/21 13:45:53 - 0:00:01 - 106697871 words (48895 unique) in 144886 sentences. 0 unknown words (0 unique) covering 0.00% of the data.
INFO - 06/16/21 13:45:54 - 0:00:01 - Removed 0 empty sentences.
INFO - 06/16/21 13:45:54 - 0:00:01 - Removed 0 empty sentences.
INFO - 06/16/21 13:45:54 - 0:00:01 - Removed 12239 too long sentences.

INFO - 06/16/21 13:45:54 - 0:00:01 - Loading data from /home/carl/TransCoder/data/data_aebt/cpp-llvm-.XLM-syml/valid.llvm_sa.pth ...
INFO - 06/16/21 13:45:54 - 0:00:01 - 35864129 words (48895 unique) in 48226 sentences. 22 unknown words (5 unique) covering 0.00% of the data.
INFO - 06/16/21 13:45:54 - 0:00:02 - Removed 0 empty sentences.

INFO - 06/16/21 13:45:54 - 0:00:02 - Loading data from /home/carl/TransCoder/data/data_aebt/cpp-llvm-.XLM-syml/test.llvm_sa.pth ...
INFO - 06/16/21 13:45:54 - 0:00:02 - 36801275 words (48895 unique) in 48112 sentences. 2 unknown words (2 unique) covering 0.00% of the data.
INFO - 06/16/21 13:45:54 - 0:00:02 - Removed 0 empty sentences.


INFO - 06/16/21 13:45:54 - 0:00:02 - ============ Parallel data (cpp_sa-llvm_sa)
INFO - 06/16/21 13:45:54 - 0:00:02 - Loading data from /home/carl/TransCoder/data/data_aebt/cpp-llvm-.XLM-syml/valid.cpp_sa-llvm_sa.cpp_sa.pth ...
INFO - 06/16/21 13:45:54 - 0:00:02 - 7570775 words (48895 unique) in 2122 sentences. 1988 unknown words (156 unique) covering 0.03% of the data.
INFO - 06/16/21 13:45:54 - 0:00:02 - Loading data from /home/carl/TransCoder/data/data_aebt/cpp-llvm-.XLM-syml/valid.cpp_sa-llvm_sa.llvm_sa.pth ...
INFO - 06/16/21 13:45:54 - 0:00:02 - 13773659 words (48895 unique) in 2122 sentences. 1982 unknown words (156 unique) covering 0.01% of the data.
INFO - 06/16/21 13:45:54 - 0:00:02 - Removed 0 empty sentences.
INFO - 06/16/21 13:45:54 - 0:00:02 - Removed 0 empty sentences.
INFO - 06/16/21 13:45:54 - 0:00:02 - Removed 1732 too long sentences.

INFO - 06/16/21 13:45:54 - 0:00:02 - Loading data from /home/carl/TransCoder/data/data_aebt/cpp-llvm-.XLM-syml/test.cpp_sa-llvm_sa.cpp_sa.pth ...
INFO - 06/16/21 13:45:54 - 0:00:02 - 7550897 words (48895 unique) in 2119 sentences. 1933 unknown words (148 unique) covering 0.03% of the data.
INFO - 06/16/21 13:45:54 - 0:00:02 - Loading data from /home/carl/TransCoder/data/data_aebt/cpp-llvm-.XLM-syml/test.cpp_sa-llvm_sa.llvm_sa.pth ...
INFO - 06/16/21 13:45:54 - 0:00:02 - 13825232 words (48895 unique) in 2119 sentences. 1925 unknown words (145 unique) covering 0.01% of the data.
INFO - 06/16/21 13:45:55 - 0:00:02 - Removed 0 empty sentences.
INFO - 06/16/21 13:45:55 - 0:00:02 - Removed 0 empty sentences.
INFO - 06/16/21 13:45:55 - 0:00:02 - Removed 1702 too long sentences.


INFO - 06/16/21 13:45:55 - 0:00:02 - ============ Data summary
INFO - 06/16/21 13:45:55 - 0:00:02 - Monolingual data   - train -       cpp_sa:     14154
INFO - 06/16/21 13:45:55 - 0:00:02 - Monolingual data   - valid -       cpp_sa:      4720
INFO - 06/16/21 13:45:55 - 0:00:02 - Monolingual data   -  test -       cpp_sa:      4820
INFO - 06/16/21 13:45:55 - 0:00:02 - Monolingual data   - train -      llvm_sa:    144886
INFO - 06/16/21 13:45:55 - 0:00:02 - Monolingual data   - valid -      llvm_sa:     48226
INFO - 06/16/21 13:45:55 - 0:00:02 - Monolingual data   -  test -      llvm_sa:     48112
INFO - 06/16/21 13:45:55 - 0:00:02 - Parallel data      - valid - cpp_sa-llvm_sa:       390
INFO - 06/16/21 13:45:55 - 0:00:02 - Parallel data      -  test - cpp_sa-llvm_sa:       417

INFO - 06/16/21 13:45:57 - 0:00:05 - Reloading encoder from /home/carl/TransCoder/output/bt_sa/1/periodic-149.pth ...
INFO - 06/16/21 13:45:59 - 0:00:07 - Reloading decoders from /home/carl/TransCoder/output/bt_sa/1/periodic-149.pth ...
INFO - 06/16/21 13:46:00 - 0:00:08 - Number of parameters (encoder): 126747391
INFO - 06/16/21 13:46:00 - 0:00:08 - Number of parameters (decoders): 151950079
INFO - 06/16/21 13:46:00 - 0:00:08 - Number of decoders: 1
INFO - 06/16/21 13:46:00 - 0:00:08 - Found 264 parameters in model.
INFO - 06/16/21 13:46:00 - 0:00:08 - Optimizers: model
INFO - 06/16/21 13:46:02 - 0:00:10 - ============ Starting epoch 0 ... ============
INFO - 06/16/21 13:46:02 - 0:00:10 - Creating new training data iterator (ae,llvm_sa) ...
/home/carl/anaconda3/lib/python3.8/site-packages/apex/amp/_initialize.py:25: UserWarning: An input tensor was not cuda.
  warnings.warn("An input tensor was not cuda.")
INFO - 06/16/21 13:46:03 - 0:00:11 - Creating new training data iterator (ae,cpp_sa) ...
/mnt/sabrent/carl/TransCoder/XLM/src/optim.py:75: UserWarning: This overload of add_ is deprecated:
	add_(Number alpha, Tensor other)
Consider using one of the following signatures instead:
	add_(Tensor other, *, Number alpha) (Triggered internally at  /opt/conda/conda-bld/pytorch_1616554793803/work/torch/csrc/utils/python_arg_parser.cpp:1005.)
  exp_avg.mul_(beta1).add_(1 - beta1, grad)
INFO - 06/16/21 13:46:03 - 0:00:11 - Creating new training data iterator (bt,llvm_sa) ...
INFO - 06/16/21 13:46:05 - 0:00:13 - Creating new training data iterator (bt,cpp_sa) ...
INFO - 06/16/21 13:46:07 - 0:00:14 - ============ End of epoch 0 ============
type(params)<class 'argparse.Namespace'>
langs = ['cpp_sa', 'llvm_sa']
id2lang = {0: 'cpp_sa', 1: 'llvm_sa'}
clm_steps = []
mlm_steps = []
SLURM job: False
0 - Number of nodes: 1
0 - Node ID        : 0
0 - Local rank     : 0
0 - Global rank    : 0
0 - World size     : 1
0 - GPUs per node  : 1
0 - Master         : True
0 - Multi-node     : False
0 - Multi-GPU      : False
0 - Hostname       : beast
path/home/carl/TransCoder/data/data_aebt/cpp-llvm-.XLM-syml/train.cpp_sa.pth
path/home/carl/TransCoder/data/data_aebt/cpp-llvm-.XLM-syml/valid.cpp_sa.pth
path/home/carl/TransCoder/data/data_aebt/cpp-llvm-.XLM-syml/test.cpp_sa.pth
path/home/carl/TransCoder/data/data_aebt/cpp-llvm-.XLM-syml/train.llvm_sa.pth
path/home/carl/TransCoder/data/data_aebt/cpp-llvm-.XLM-syml/valid.llvm_sa.pth
path/home/carl/TransCoder/data/data_aebt/cpp-llvm-.XLM-syml/test.llvm_sa.pth
path/home/carl/TransCoder/data/data_aebt/cpp-llvm-.XLM-syml/valid.cpp_sa-llvm_sa.cpp_sa.pth
path/home/carl/TransCoder/data/data_aebt/cpp-llvm-.XLM-syml/valid.cpp_sa-llvm_sa.llvm_sa.pth
path/home/carl/TransCoder/data/data_aebt/cpp-llvm-.XLM-syml/test.cpp_sa-llvm_sa.cpp_sa.pth
path/home/carl/TransCoder/data/data_aebt/cpp-llvm-.XLM-syml/test.cpp_sa-llvm_sa.llvm_sa.pth
Selected optimization level O2:  FP16 training with FP32 batchnorm and FP32 master weights.

Defaults for this optimization level are:
enabled                : True
opt_level              : O2
cast_model_type        : torch.float16
patch_torch_functions  : False
keep_batchnorm_fp32    : True
master_weights         : True
loss_scale             : dynamic
Processing user overrides (additional kwargs that are not None)...
After processing overrides, optimization options are:
enabled                : True
opt_level              : O2
cast_model_type        : torch.float16
patch_torch_functions  : False
keep_batchnorm_fp32    : True
master_weights         : True
loss_scale             : dynamic
Warning:  multi_tensor_applier fused unscale kernel is unavailable, possibly because apex was installed without --cuda_ext --cpp_ext. Using Python fallback.  Original ImportError was: ModuleNotFoundError("No module named 'amp_C'")
Gradient overflow.  Skipping step, loss scaler 0 reducing loss scale to 32768.0
outputing hypotheses in /home/carl/TransCoder/output/bt_sa/s4myrbnauq/hypotheses/hyp0.cpp_sa-llvm_sa.valid_beam0.txt
arguments[]
arguments[]
results for computation[['failure : /bin/bash: unk: No such file or directory '], ['failure : /bin/bash: unk: No such file or directory '], ['failure : func_1yhmfmwrgcp.ll:5:24: error: found end of file when expecting more instructions  %4 = sext i16 %3 to i32                        ^ 1 error generated. '], ["failure : func_1oxdmxclnew.ll:5:19: error: '%1' defined with type 'label' but expected 'i64'  %4 = sub i64 0 , %1 ret i64                   ^ 1 error generated. "], ['failure : /bin/bash: unk: No such file or directory '], ['failure : func_1wwjnlwdtld.ll:5:24: error: found end of file when expecting more instructions  %4 = sext i16 %3 to i32                        ^ 1 error generated. '], ['failure : warning: overriding the module target triple with x86_64-unknown-linux-gnu [-Woverride-module] 1 warning generated. '], ["failure : func_1pzbbpvldde.ll:5:50: error: instruction forward referenced with type 'i32'  %4 = zext i16 %3 to i32 %5 = sub nsw i32 0 , %6 %6 = trunc i32 %5 to i16 ret i16 %6 }                                                  ^ 1 error generated. "], ['failure : /bin/bash: unk: No such file or directory '], ['failure : /bin/bash: unk: No such file or directory '], ['failure : func_54gbursfyiel.ll:6:10: error: expected type  %5 = load          ^ 1 error generated. '], ['failure : func_35vdaoiaihuo.ll:6:10: error: expected type  %5 = load          ^ 1 error generated. '], ["failure : func_1pwwmkejtbg.ll:5:50: error: instruction forward referenced with type 'i32'  %4 = sext i16 %3 to i32 %5 = sub nsw i32 0 , %6 %6 = trunc i32 %5 to i16 ret i16 %6 }                                                  ^ 1 error generated. "], ["failure : func_32mtmbbteiwb.ll:6:3: error: expected '=' after instruction id  %5   ^ 1 error generated. "], ['failure : /bin/bash: unk: No such file or directory '], ['failure : /bin/bash: unk: No such file or directory '], ['failure : func_1lyekcldxkw.ll:7:61: error: expected value token  %6 = fmul double 5.000000e-01 , %7 %7 = load double , double                                                             ^ 1 error generated. '], ['failure : /bin/bash: unk: No such file or directory '], ["failure : func_1ajgmklvhwa.ll:5:49: error: instruction forward referenced with type 'i32'  %4 = zext i8 %3 to i32 %5 = sub nsw i32 0 , %6 %6 = trunc i32 %5 to i8                                                 ^ 1 error generated. "], ["failure : func_1hoviezaukh.ll:5:19: error: '%1' defined with type 'label' but expected 'i64'  %4 = sub i64 0 , %1 ret i64 %4 }                   ^ 1 error generated. "], ['failure : func_13hsdgcyefrv.ll:7:5: error: found end of file when expecting more instructions  %6 =     ^ 1 error generated. '], ['failure : func_67tazzypwzig.ll:7:26: error: expected integer  %8 = alloca i32 * , align                          ^ 1 error generated. '], ["failure : func_1qmbdpqnhkl.ll:5:50: error: instruction forward referenced with type 'i32'  %4 = zext i16 %3 to i32 %5 = sub nsw i32 0 , %6 %6 = trunc i32 %5 to i16 ret i16 %6 }                                                  ^ 1 error generated. "], ['failure : func_22nggpfhgczm.ll:7:26: error: expected integer  %8 = alloca i32 * , align                          ^ 1 error generated. '], ["failure : func_37ajduawpwlh.ll:7:17: error: expected 'to' after cast value  %6 = sext i16 %5                 ^ 1 error generated. "], ["failure : func_5xrtggvswnw.ll:7:17: error: expected 'to' after cast value  %6 = sext i16 %5                 ^ 1 error generated. "], ['failure : /bin/bash: unk: No such file or directory '], ["failure : /bin/bash: -c: line 0: syntax error near unexpected token `<' /bin/bash: -c: line 0: `ulimit -S -v 2147483648; cd /home/carl/TransCoder/output/bt_sa/s4myrbnauq/eval_scripts/cpp_sa-llvm_sa.valid && clang func_43<unk> <unk> bpcna.ll -S' "], ['failure : /bin/bash: unk: No such file or directory '], ['failure : /bin/bash: unk: No such file or directory '], ['failure : /bin/bash: unk: No such file or directory '], ['failure : /bin/bash: unk: No such file or directory '], ['failure : func_24kmbsbnmisx.ll:7:59: error: expected instruction opcode  %6 = icmp slt i32 %5 , 0 br i1 %6 , label %18 , label %7 78 %8 = load i32 , i32 * %4 , align 4                                                           ^ 1 error generated. '], ['failure : warning: overriding the module target triple with x86_64-unknown-linux-gnu [-Woverride-module] 1 warning generated. '], ['failure : func_33lyujamdnzb.ll:8:17: error: expected value token  %8 = fmul double                 ^ 1 error generated. '], ['failure : /bin/bash: unk: No such file or directory '], ['failure : /bin/bash: unk: No such file or directory '], ["failure : func_33fozgwnnkkw.ll:7:51: error: expected metadata or 'align'  %6 = sext i16 %5 to i32 %7 = load i16 , i16 * %4 ,                                                   ^ 1 error generated. "], ['failure : func_63xxumgpftfk.ll:7:70: error: expected type  %6 = zext i16 %5 to i32 %7 = icmp eq i32 %6 , 0 br i1 %7 , label %8 ,                                                                      ^ 1 error generated. '], ['failure : /bin/bash: unk: No such file or directory '], ['failure : /bin/bash: unk: No such file or directory '], ['failure : /bin/bash: unk: No such file or directory '], ['failure : /bin/bash: unk: No such file or directory '], ['failure : /bin/bash: unk: No such file or directory '], ['failure : func_6ozolphfyqv.ll:8:35: error: found end of file when expecting more instructions  %8 = fmul double 5.000000e-01 , %9                                   ^ 1 error generated. '], ['failure : /bin/bash: unk: No such file or directory '], ['failure : func_12vbvpkuwhdx.ll:7:59: error: expected instruction opcode  %6 = icmp slt i32 %5 , 0 br i1 %6 , label %13 , label %7 78 %8 = load i32 , i32 * %4 , align 4                                                           ^ 1 error generated. '], ['failure : func_32rvjbkxtfkf.ll:7:59: error: expected instruction opcode  %6 = icmp slt i32 %5 , 0 br i1 %6 , label %10 , label %7 78 %8 = load i32 , i32 * %4 , align 4                                                           ^ 1 error generated. '], ['failure : /bin/bash: unk: No such file or directory '], ['failure : /bin/bash: unk: No such file or directory '], ['failure : /bin/bash: unk: No such file or directory '], ['failure : /bin/bash: unk: No such file or directory '], ['failure : /bin/bash: unk: No such file or directory '], ["failure : /bin/bash: -c: line 0: syntax error near unexpected token `<' /bin/bash: -c: line 0: `ulimit -S -v 2147483648; cd /home/carl/TransCoder/output/bt_sa/s4myrbnauq/eval_scripts/cpp_sa-llvm_sa.valid && clang func_20<unk> p<unk> <unk> jlp.ll -S' "], ['failure : /bin/bash: unk: No such file or directory '], ['failure : /bin/bash: unk: No such file or directory '], ['failure : func_32jvvqpsrflu.ll:7:59: error: expected instruction opcode  %6 = icmp slt i64 %5 , 0 br i1 %6 , label %13 , label %7 78 %8                                                           ^ 1 error generated. '], ['failure : /bin/bash: unk: No such file or directory '], ['failure : /bin/bash: unk: No such file or directory '], ['failure : /bin/bash: unk: No such file or directory '], ['failure : /bin/bash: unk: No such file or directory '], ['failure : /bin/bash: unk: No such file or directory '], ["failure : func_54zwqsomrpqi.ll:8:99: error: expected '(' in call  %8 = fmul double 0x630000000000000 , %9 %9 = fmul double %6 , %10 %10 = call double @llvm.fabs.f64                                                                                                   ^ 1 error generated. "], ['failure : func_33iuzuousfgg.ll:8:33: error: expected type  %8 = zext i16 %7 to i32 %9 = add                                 ^ 1 error generated. '], ['failure : /bin/bash: unk: No such file or directory '], ['failure : func_67jmsxrmtkoi.ll:8:13: error: expected value token  %8 = zext i8             ^ 1 error generated. '], ['failure : func_1wuxodxpqzm.ll:9:1: error: expected value token declare double @llvm.fabs.f64 ( double ) ^ 1 error generated. '], ['failure : /bin/bash: unk: No such file or directory '], ['failure : func_37ukobvyjkaw.ll:7:58: error: found end of file when expecting more instructions  %6 = icmp uge i32 %5 , 32 br i1 %6 , label %13 , label %7                                                          ^ 1 error generated. '], ['failure : /bin/bash: unk: No such file or directory '], ['failure : /bin/bash: unk: No such file or directory '], ['failure : /bin/bash: unk: No such file or directory '], ['failure : /bin/bash: unk: No such file or directory '], ['failure : func_13xepxllzjwy.ll:7:59: error: expected instruction opcode  %6 = icmp slt i64 %5 , 0 br i1 %6 , label %10 , label %7 78 %8 = load i32 , i32 * %4 , align 4                                                           ^ 1 error generated. '], ['failure : /bin/bash: unk: No such file or directory '], ['failure : warning: overriding the module target triple with x86_64-unknown-linux-gnu [-Woverride-module] 1 warning generated. '], ['failure : /bin/bash: unk: No such file or directory '], ['failure : /bin/bash: unk: No such file or directory '], ['failure : /bin/bash: unk: No such file or directory '], ['failure : /bin/bash: unk: No such file or directory '], ['failure : func_21wjszqfmdaz.ll:7:59: error: expected instruction opcode  %6 = icmp slt i32 %5 , 0 br i1 %6 , label %18 , label %7 78 %8 = load i32 , i32 * %4 , align 4                                                           ^ 1 error generated. '], ["failure : /bin/bash: -c: line 0: syntax error near unexpected token `<' /bin/bash: -c: line 0: `ulimit -S -v 2147483648; cd /home/carl/TransCoder/output/bt_sa/s4myrbnauq/eval_scripts/cpp_sa-llvm_sa.valid && clang func_2rjk<unk> <unk> ldm.ll -S' "], ['failure : /bin/bash: unk: No such file or directory '], ['failure : func_19gekmdxnsdl.ll:7:118: error: expected instruction opcode  %6 = call double @llvm.fabs.f64 ( double %5 ) %7 = fcmp olt double %6 , 1.000000e+00 br i1 %7 , label %8 , label %8 89 %9 = load double                                                                                                                       ^ 1 error generated. '], ['failure : /bin/bash: unk: No such file or directory '], ['failure : /bin/bash: unk: No such file or directory '], ['failure : /bin/bash: unk: No such file or directory '], ['failure : func_46vfduvxqhay.ll:8:16: error: found end of file when expecting more instructions  %9 = alloca i32                ^ 1 error generated. '], ['failure : /bin/bash: unk: No such file or directory '], ['failure : /bin/bash: unk: No such file or directory '], ['failure : func_27txxryhpqzh.ll:7:82: error: expected instruction opcode  %6 = sext i16 %5 to i32 %7 = icmp eq i32 %6 , 0 br i1 %7 , label %16 , label %8 89 %9 = load i16 , i16 * %3 , align 2                                                                                  ^ 1 error generated. '], ['failure : /bin/bash: unk: No such file or directory '], ['failure : func_38pbiclzxfer.ll:9:1: error: expected instruction opcode declare double @llvm.fabs.f64 ( double ) ^ 1 error generated. '], ['failure : /bin/bash: unk: No such file or directory '], ['failure : /bin/bash: unk: No such file or directory '], ["failure : /bin/bash: -c: line 0: syntax error near unexpected token `<' /bin/bash: -c: line 0: `ulimit -S -v 2147483648; cd /home/carl/TransCoder/output/bt_sa/s4myrbnauq/eval_scripts/cpp_sa-llvm_sa.valid && clang func_12<unk> <unk> w<unk> mzc.ll -S' "], ["failure : func_29xmfjjgqrud.ll:9:1: error: expected ',' after true destination declare double @llvm.fabs.f64 ( double ) ^ 1 error generated. "], ['failure : /bin/bash: unk: No such file or directory '], ['failure : /bin/bash: unk: No such file or directory '], ['failure : /bin/bash: unk: No such file or directory '], ['failure : /bin/bash: unk: No such file or directory '], ['failure : func_39rbowybmqjq.ll:7:58: error: expected instruction opcode  %6 = icmp eq i32 %5 , 0 br i1 %6 , label %13 , label %7 78 %8 = load i32 , i32 * %3 , align 4                                                          ^ 1 error generated. '], ['failure : /bin/bash: unk: No such file or directory '], ['failure : /bin/bash: unk: No such file or directory '], ['failure : func_82lfqokzvign.ll:8:196: error: expected instruction opcode  %8 = fmul double 0x630000000000000 , %9 %9 = fmul double %6 , %10 %10 = call double @llvm.fabs.f64 ( double %9 ) %11 = fcmp ogt double %10 , 0x3FEFFFFFFFFFFFFF br i1 %11 , label %12 , label %12 113 %13 = load double ,                                                                                                                                                                                                     ^ 1 error generated. '], ['failure : func_104zpnwgihkze.ll:10:59: error: expected instruction opcode  %9 = icmp ne i32 %8 , 0 br i1 %9 , label %10 , label %10 111 %11                                                            ^ 1 error generated. '], ['failure : func_62ydbkxzjlyd.ll:7:81: error: expected instruction opcode  %6 = zext i16 %5 to i32 %7 = icmp eq i32 %6 , 0 br i1 %7 , label %8 , label %8 89 %9 = load i16 , i16 * %3 , align 2                                                                                 ^ 1 error generated. '], ['failure : /bin/bash: unk: No such file or directory '], ['failure : /bin/bash: unk: No such file or directory '], ["failure : /bin/bash: -c: line 0: syntax error near unexpected token `<' /bin/bash: -c: line 0: `ulimit -S -v 2147483648; cd /home/carl/TransCoder/output/bt_sa/s4myrbnauq/eval_scripts/cpp_sa-llvm_sa.valid && clang func_<unk> <unk> blhmrlk.ll -S' "], ['failure : func_61qwmzhdhzbe.ll:7:82: error: expected instruction opcode  %6 = sext i8 %5 to i32 %7 = icmp slt i32 %6 , 0 br i1 %7 , label %11 , label %8 89 %9 = load i32 , i32 *                                                                                  ^ 1 error generated. '], ['failure : /bin/bash: unk: No such file or directory '], ['failure : func_22awukniuzxm.ll:7:58: error: expected instruction opcode  %6 = icmp eq i32 %5 , 0 br i1 %6 , label %13 , label %7 78 %8 = load i32 , i32 * %3 , align 4                                                          ^ 1 error generated. '], ['failure : func_34rzjbovwfri.ll:8:192: error: expected instruction opcode  %8 = fmul float 0x3E30000000000000 , %9 %9 = fmul float %6 , %10 %10 = call float @llvm.fabs.f32 ( float %9 ) %11 = fcmp ogt float %10 , 0x3FEFFFFFE0000000 br i1 %11 , label %12 , label %12 113 %13 = load float ,                                                                                                                                                                                                 ^ 1 error generated. '], ['failure : /bin/bash: unk: No such file or directory '], ["failure : /bin/bash: -c: line 0: syntax error near unexpected token `<' /bin/bash: -c: line 0: `ulimit -S -v 2147483648; cd /home/carl/TransCoder/output/bt_sa/s4myrbnauq/eval_scripts/cpp_sa-llvm_sa.valid && clang func_11v<unk> jti<unk> <unk>.ll -S' "], ['failure : func_19nenfgmwdna.ll:7:58: error: expected type  %6 = zext i8 %5 to i32 %7 = icmp eq i32 %6 , 0 br i1 %7 ,                                                          ^ 1 error generated. '], ["failure : func_75hjxmeqwujf.ll:13:28: error: expected metadata or 'align'  %10 = load i32 , i32 * %4 ,                            ^ 1 error generated. "], ['failure : /bin/bash: unk: No such file or directory '], ['failure : /bin/bash: unk: No such file or directory '], ['failure : /bin/bash: unk: No such file or directory '], ['failure : /bin/bash: unk: No such file or directory '], ['failure : /bin/bash: unk: No such file or directory '], ['failure : /bin/bash: unk: No such file or directory '], ['failure : /bin/bash: unk: No such file or directory '], ['failure : /bin/bash: unk: No such file or directory '], ["failure : func_1vhwtjrqltr.ll:5:19: error: '%1' defined with type 'label' but expected 'i32'  %4 = sub i32 0 , %1 ret i32 %4 }                   ^ 1 error generated. "], ['failure : /bin/bash: unk: No such file or directory '], ["failure : func_1awxrlibmqx.ll:5:50: error: instruction forward referenced with type 'i32'  %4 = zext i16 %3 to i32 %5 = sub nsw i32 0 , %6 %6 = trunc i32 %5 to i16 ret i16 %6 }                                                  ^ 1 error generated. "], ['failure : /bin/bash: unk: No such file or directory '], ["failure : /bin/bash: -c: line 0: syntax error near unexpected token `<' /bin/bash: -c: line 0: `ulimit -S -v 2147483648; cd /home/carl/TransCoder/output/bt_sa/s4myrbnauq/eval_scripts/cpp_sa-llvm_sa.valid && clang func_29zi<unk> x<unk> <unk> n.ll -S' "], ["failure : func_53kdndygvauo.ll:8:51: error: instruction forward referenced with type 'i32'  %8 = sext i8 %7 to i32 %9 = sub nsw i32 %6 , %10 %10 = trunc i32 %9 to i8 ret i8 %10 }                                                   ^ 1 error generated. "], ['failure : /bin/bash: unk: No such file or directory '], ['failure : func_72xleqyeqocz.ll:8:14: error: expected instruction opcode  br label %5 56 %6 = load i32 , i32 * %3 , align 4              ^ 1 error generated. '], ['failure : func_40yokgxvpkit.ll:7:58: error: expected instruction opcode  %6 = icmp sgt i64 %5 , 0 br i1 %6 , label %7 , label %7 78 %8 = load i64 , i64 * %4 , align 8                                                          ^ 1 error generated. '], ['failure : func_52bqykenbdla.ll:7:81: error: expected instruction opcode  %6 = zext i16 %5 to i32 %7 = icmp eq i32 %6 , 0 br i1 %7 , label %8 , label %8 89 %9 = load i16 , i16 * %3 , align 2                                                                                 ^ 1 error generated. '], ['failure : func_83dhhnwkmxaz.ll:20:21: error: expected type  %20 = alloca i32 * ,                     ^ 1 error generated. '], ['failure : func_36lmpmlghefn.ll:19:1: error: found end of file when expecting more instructions 1 error generated. '], ['failure : func_18txzifzjsvo.ll:7:118: error: expected instruction opcode  %6 = call double @llvm.fabs.f64 ( double %5 ) %7 = fcmp olt double %6 , 1.000000e+00 br i1 %7 , label %8 , label %8 89 %9 = load double , double * %4 , align 8                                                                                                                      ^ 1 error generated. '], ['failure : /bin/bash: unk: No such file or directory '], ['failure : /bin/bash: unk: No such file or directory '], ['failure : /bin/bash: unk: No such file or directory '], ['failure : func_19hmwnxxcwwc.ll:7:81: error: expected instruction opcode  %6 = zext i16 %5 to i32 %7 = icmp eq i32 %6 , 0 br i1 %7 , label %8 , label %8 89 %9 = load i16 , i16 * %3 , align 2                                                                                 ^ 1 error generated. '], ['failure : func_163xnhwqzckdv.ll:7:80: error: expected instruction opcode  %6 = zext i8 %5 to i32 %7 = icmp eq i32 %6 , 0 br i1 %7 , label %8 , label %8 89 %9 = load i8 , i8 * %3 , align 1                                                                                ^ 1 error generated. '], ['failure : func_24ednnmmjsli.ll:7:59: error: expected instruction opcode  %6 = icmp slt i32 %5 , 0 br i1 %6 , label %18 , label %7 78 %8 = load i32 , i32 * %4 , align 4                                                           ^ 1 error generated. '], ['failure : func_19goupcuolan.ll:2:28: error: expected function name define internal %struct.S0 *                            ^ 1 error generated. '], ['failure : func_47tslywnsgib.ll:2:31: error: expected function name define internal i32 * * * * * %0 , i32 %1 , i32 %2 ) #0 { %4 = alloca i32 * * * * , align 8                               ^ 1 error generated. '], ['failure : func_85fgmxmgjljh.ll:16:17: error: found end of file when expecting more instructions  %18 = alloca i32                 ^ 1 error generated. '], ['failure : /bin/bash: unk: No such file or directory '], ['failure : /bin/bash: unk: No such file or directory '], ['failure : /bin/bash: unk: No such file or directory '], ['failure : /bin/bash: unk: No such file or directory '], ['failure : func_37jwgoquxqrq.ll:7:60: error: expected instruction opcode  %6 = icmp uge i32 %5 , 32 br i1 %6 , label %13 , label %7 78 %8 = load i8 , i8 * %3 , align 1                                                            ^ 1 error generated. '], ['failure : func_49rmtckdvmsv.ll:8:196: error: expected instruction opcode  %8 = fmul double 0x630000000000000 , %9 %9 = fmul double %6 , %10 %10 = call double @llvm.fabs.f64 ( double %9 ) %11 = fcmp ogt double %10 , 0x3FEFFFFFFFFFFFFF br i1 %11 , label %12 , label %12 113 %13 = load double , double * %3 , align 8                                                                                                                                                                                                    ^ 1 error generated. '], ['failure : func_10ttbvjrbjnj.ll:7:82: error: expected instruction opcode  %6 = sext i8 %5 to i32 %7 = icmp slt i32 %6 , 0 br i1 %7 , label %11 , label %8 89 %9 = load i32 , i32 * %4 , align 4                                                                                  ^ 1 error generated. '], ['failure : /bin/bash: unk: No such file or directory '], ['failure : func_102fjngxtkfyq.ll:7:82: error: expected instruction opcode  %6 = sext i16 %5 to i32 %7 = icmp eq i32 %6 , 0 br i1 %7 , label %16 , label %8 89 %9 = load i16 , i16 * %3 , align 2                                                                                  ^ 1 error generated. '], ['failure : /bin/bash: unk: No such file or directory '], ['failure : func_68jwsewzawcn.ll:8:196: error: expected instruction opcode  %8 = fmul double 0x630000000000000 , %9 %9 = fmul double %6 , %10 %10 = call double @llvm.fabs.f64 ( double %9 ) %11 = fcmp ogt double %10 , 0x3FEFFFFFFFFFFFFF br i1 %11 , label %12 , label %12 113 %13 = load double , double * %3                                                                                                                                                                                                     ^ 1 error generated. '], ['failure : /bin/bash: unk: No such file or directory '], ['failure : /bin/bash: unk: No such file or directory '], ['failure : /bin/bash: unk: No such file or directory '], ['failure : /bin/bash: unk: No such file or directory '], ['failure : func_46imvwwtdzua.ll:8:191: error: expected instruction opcode  %8 = fmul double 5.000000e-01 , %9 %9 = fadd double %6 , %10 %10 = call double @llvm.fabs.f64 ( double %9 ) %11 = fcmp ogt double %10 , 0x7FDFFFFFFFFFFFFF br i1 %11 , label %12 , label %12 113 %13 = load double , double * %3 , align 8                                                                                                                                                                                               ^ 1 error generated. '], ['failure : /bin/bash: unk: No such file or directory '], ['failure : func_27zgsdaaipsm.ll:14:15: error: expected instruction opcode  br label %13 114               ^ 1 error generated. '], ['failure : /bin/bash: unk: No such file or directory '], ['failure : func_103ofukxbazvj.ll:7:82: error: expected instruction opcode  %6 = sext i16 %5 to i32 %7 = icmp eq i32 %6 , 0 br i1 %7 , label %16 , label %8 89 %9 = load i16 , i16 * %3 , align 2                                                                                  ^ 1 error generated. '], ['failure : /bin/bash: unk: No such file or directory '], ['failure : /bin/bash: unk: No such file or directory '], ['failure : /bin/bash: unk: No such file or directory '], ['failure : /bin/bash: unk: No such file or directory '], ['failure : func_82jhgjhrnrwz.ll:19:27: error: expected integer  %22 = alloca i32 * , align                           ^ 1 error generated. '], ['failure : /bin/bash: unk: No such file or directory '], ['failure : func_119fwxkzffdat.ll:10:59: error: expected instruction opcode  %9 = icmp ne i32 %8 , 0 br i1 %9 , label %10 , label %10 111 %11 = load i8 * , i8 * * %5 , align 8                                                           ^ 1 error generated. '], ['failure : /bin/bash: unk: No such file or directory '], ["failure : func_56rcffvstzes.ll:8:51: error: instruction forward referenced with type 'i32'  %8 = zext i8 %7 to i32 %9 = add nsw i32 %6 , %10 %10 = trunc i32 %9 to i8 ret i8 %10 }                                                   ^ 1 error generated. "], ['failure : /bin/bash: unk: No such file or directory '], ['failure : func_41scfzraqzqk.ll:7:58: error: expected instruction opcode  %6 = icmp eq i64 %5 , 0 br i1 %6 , label %13 , label %7 78 %8 = load i64 , i64 * %3 , align 8                                                          ^ 1 error generated. '], ['failure : /bin/bash: unk: No such file or directory '], ["failure : func_92luufkxxmgz.ll:2:23: error: redefinition of function '@func_18' define internal i32 * @func_18 ( i16 * %0 , i32 * %1 , i32 %2 , i32 %3 ) #0 { %5 = alloca i16 * , align 8                       ^ 1 error generated. "], ['failure : /bin/bash: unk: No such file or directory '], ['failure : /bin/bash: unk: No such file or directory '], ['failure : /bin/bash: unk: No such file or directory '], ['failure : func_38gdsxwhplds.ll:2:28: error: expected function name define internal %struct.S0 *                            ^ 1 error generated. '], ["failure : func_31kiyrtmmxgh.ll:12:29: error: '%9' defined with type 'i32*' but expected 'i32**'  store i32 * null , i32 * * %9 , align 8                             ^ 1 error generated. "], ['failure : func_44rbsogpsoox.ll:8:191: error: expected instruction opcode  %8 = fmul double 5.000000e-01 , %9 %9 = fadd double %6 , %10 %10 = call double @llvm.fabs.f64 ( double %9 ) %11 = fcmp ogt double %10 , 0x7FDFFFFFFFFFFFFF br i1 %11 , label %12 , label %12 113 %13 = load double , double * %3 , align 8                                                                                                                                                                                               ^ 1 error generated. '], ["failure : func_56fnimpjildi.ll:8:52: error: instruction forward referenced with type 'i32'  %8 = zext i16 %7 to i32 %9 = add nsw i32 %6 , %10 %10 = trunc i32 %9 to i16 ret i16 %10 }                                                    ^ 1 error generated. "], ['failure : func_68rlhcvxgaec.ll:7:82: error: expected instruction opcode  %6 = sext i16 %5 to i32 %7 = icmp eq i32 %6 , 0 br i1 %7 , label %16 , label %8 89 %9 = load i16 , i16 * %3 , align 2                                                                                  ^ 1 error generated. '], ['failure : func_2uhofnbwikv.ll:8:186: error: expected instruction opcode  %8 = fmul float 5.000000e-01 , %9 %9 = fadd float %6 , %10 %10 = call float @llvm.fabs.f32 ( float %9 ) %11 = fcmp ogt float %10 , 0x47DFFFFFE0000000 br i1 %11 , label %12 , label %12 113 %13 = load float , float * %3 , align 4                                                                                                                                                                                          ^ 1 error generated. '], ['failure : warning: overriding the module target triple with x86_64-unknown-linux-gnu [-Woverride-module] 1 warning generated. '], ['failure : /bin/bash: unk: No such file or directory '], ['failure : func_8yqjrdnaxcr.ll:7:59: error: expected instruction opcode  %6 = icmp slt i32 %5 , 0 br i1 %6 , label %15 , label %7 78 %8 = load i32 , i32 * %4 , align 4                                                           ^ 1 error generated. '], ['failure : /bin/bash: unk: No such file or directory '], ['failure : func_69zvhmmwyplv.ll:7:58: error: expected instruction opcode  %6 = icmp sgt i32 %5 , 0 br i1 %6 , label %7 , label %7 78 %8 = load i32 , i32 * %4 , align 4                                                          ^ 1 error generated. '], ['failure : /bin/bash: unk: No such file or directory '], ['failure : func_50jovfcmxuxd.ll:7:83: error: expected instruction opcode  %6 = sext i16 %5 to i32 %7 = icmp slt i32 %6 , 0 br i1 %7 , label %17 , label %8 89 %9 = load i32 , i32 * %4 , align 4                                                                                   ^ 1 error generated. '], ['failure : func_31evkhytbhfh.ll:18:6: error: found end of file when expecting more instructions  %21 =      ^ 1 error generated. '], ["failure : /bin/bash: -c: line 0: syntax error near unexpected token `<' /bin/bash: -c: line 0: `ulimit -S -v 2147483648; cd /home/carl/TransCoder/output/bt_sa/s4myrbnauq/eval_scripts/cpp_sa-llvm_sa.valid && clang func_37lxh<unk> <unk> eup.ll -S' "], ['failure : func_21gxafdsdvvt.ll:7:59: error: expected instruction opcode  %6 = icmp slt i32 %5 , 0 br i1 %6 , label %18 , label %7 78 %8 = load i32 , i32 * %4 , align 4                                                           ^ 1 error generated. '], ['failure : /bin/bash: unk: No such file or directory '], ['failure : func_69igjvwauyim.ll:29:17: error: found end of file when expecting more instructions  %29 = alloca i32                 ^ 1 error generated. '], ['failure : func_9yuawkyiwgd.ll:34:6: error: found end of file when expecting more instructions  %37 =      ^ 1 error generated. '], ['failure : func_24zgdyfwlmcj.ll:7:83: error: expected instruction opcode  %6 = sext i16 %5 to i32 %7 = icmp slt i32 %6 , 0 br i1 %7 , label %20 , label %8 89 %9 = load i32 , i32 * %4 , align 4                                                                                   ^ 1 error generated. '], ['failure : func_11cgdwxqvwnx.ll:22:21: error: expected type  %25 = alloca i32 * ,                     ^ 1 error generated. '], ['failure : /bin/bash: unk: No such file or directory '], ['failure : /bin/bash: unk: No such file or directory '], ['failure : func_22lhpeknzyrx.ll:34:21: error: expected type  %37 = alloca i32 * ,                     ^ 1 error generated. '], ['failure : /bin/bash: unk: No such file or directory '], ["failure : /bin/bash: -c: line 0: syntax error near unexpected token `<' /bin/bash: -c: line 0: `ulimit -S -v 2147483648; cd /home/carl/TransCoder/output/bt_sa/s4myrbnauq/eval_scripts/cpp_sa-llvm_sa.valid && clang func_7keftl<unk> <unk> e.ll -S' "], ['failure : /bin/bash: unk: No such file or directory '], ['failure : /bin/bash: unk: No such file or directory '], ['failure : /bin/bash: unk: No such file or directory '], ["failure : func_1yuimyuvbby.ll:5:49: error: instruction forward referenced with type 'i32'  %4 = sext i8 %3 to i32 %5 = sub nsw i32 0 , %6 %6 = trunc i32 %5 to i8 ret i8 %6 }                                                 ^ 1 error generated. "], ['failure : func_14iqwplhapfw.ll:8:196: error: expected instruction opcode  %8 = fmul double 0x630000000000000 , %9 %9 = fmul double %6 , %10 %10 = call double @llvm.fabs.f64 ( double %9 ) %11 = fcmp ogt double %10 , 0x3FEFFFFFFFFFFFFF br i1 %11 , label %12 , label %12 113 %13 = load double , double * %3 , align 8                                                                                                                                                                                                    ^ 1 error generated. '], ['failure : /bin/bash: unk: No such file or directory '], ['failure : func_16pwndmknhdn.ll:7:82: error: expected instruction opcode  %6 = sext i16 %5 to i32 %7 = icmp eq i32 %6 , 0 br i1 %7 , label %16 , label %8 89 %9 = load i16 , i16 * %3 , align 2                                                                                  ^ 1 error generated. '], ['failure : /bin/bash: unk: No such file or directory '], ['failure : func_5kdlxnlycfh.ll:7:59: error: expected instruction opcode  %6 = icmp slt i32 %5 , 0 br i1 %6 , label %15 , label %7 78 %8 = load i32 , i32 * %4 , align 4                                                           ^ 1 error generated. '], ['failure : /bin/bash: unk: No such file or directory '], ['failure : func_103iavkfcnwsy.ll:7:81: error: expected instruction opcode  %6 = sext i8 %5 to i32 %7 = icmp eq i32 %6 , 0 br i1 %7 , label %16 , label %8 89 %9 = load i8 , i8 * %3 , align 1                                                                                 ^ 1 error generated. '], ['failure : func_37thioeyauuc.ll:7:60: error: expected instruction opcode  %6 = icmp uge i32 %5 , 32 br i1 %6 , label %13 , label %7 78 %8 = load i64 , i64 * %3 , align 8                                                            ^ 1 error generated. '], ['failure : /bin/bash: unk: No such file or directory '], ["failure : func_1vrsftdquqr.ll:5:19: error: '%1' defined with type 'label' but expected 'i32'  %4 = sub i32 0 , %1 ret i32 %4 }                   ^ 1 error generated. "], ['failure : func_117yxrppmyotl.ll:7:82: error: expected instruction opcode  %6 = sext i16 %5 to i32 %7 = icmp eq i32 %6 , 0 br i1 %7 , label %16 , label %8 89 %9 = load i16 , i16 * %3 , align 2                                                                                  ^ 1 error generated. '], ['failure : /bin/bash: unk: No such file or directory '], ['failure : /bin/bash: unk: No such file or directory '], ["failure : /bin/bash: -c: line 0: syntax error near unexpected token `<' /bin/bash: -c: line 0: `ulimit -S -v 2147483648; cd /home/carl/TransCoder/output/bt_sa/s4myrbnauq/eval_scripts/cpp_sa-llvm_sa.valid && clang <unk> <unk> wligl<unk> cmk.ll -S' "], ["failure : /bin/bash: -c: line 0: syntax error near unexpected token `<' /bin/bash: -c: line 0: `ulimit -S -v 2147483648; cd /home/carl/TransCoder/output/bt_sa/s4myrbnauq/eval_scripts/cpp_sa-llvm_sa.valid && clang <unk> <unk> eustfv<unk> sj.ll -S' "], ["failure : /bin/bash: -c: line 0: syntax error near unexpected token `<' /bin/bash: -c: line 0: `ulimit -S -v 2147483648; cd /home/carl/TransCoder/output/bt_sa/s4myrbnauq/eval_scripts/cpp_sa-llvm_sa.valid && clang <unk> <unk> vt<unk> <unk> fylz.ll -S' "], ['failure : func_48mhdykqnihh.ll:7:83: error: expected instruction opcode  %6 = sext i16 %5 to i32 %7 = icmp slt i32 %6 , 0 br i1 %7 , label %11 , label %8 89 %9 = load i32 , i32 * %4 , align 4                                                                                   ^ 1 error generated. '], ["failure : /bin/bash: -c: line 0: syntax error near unexpected token `<' /bin/bash: -c: line 0: `ulimit -S -v 2147483648; cd /home/carl/TransCoder/output/bt_sa/s4myrbnauq/eval_scripts/cpp_sa-llvm_sa.valid && clang <unk> <unk> wmypgxbjbh.ll -S' "], ['failure : /bin/bash: unk: No such file or directory '], ['failure : func_9nfogtxkckz.ll:27:13: error: expected type  %28 = alloca             ^ 1 error generated. '], ['failure : /bin/bash: unk: No such file or directory '], ['failure : /bin/bash: unk: No such file or directory '], ['failure : /bin/bash: unk: No such file or directory '], ['failure : /bin/bash: unk: No such file or directory '], ["failure : func_9obnkrrjrrx.ll:53:2: error: instruction expected to be numbered '%53'  %42 = alloca i32 * , align 8  ^ 1 error generated. "], ['failure : /bin/bash: unk: No such file or directory '], ['failure : /bin/bash: unk: No such file or directory '], ['failure : /bin/bash: unk: No such file or directory '], ['failure : /bin/bash: unk: No such file or directory '], ['failure : /bin/bash: unk: No such file or directory '], ['failure : /bin/bash: unk: No such file or directory '], ['failure : /bin/bash: unk: No such file or directory '], ['failure : func_15leogkjjxau.ll:7:60: error: expected instruction opcode  %6 = icmp uge i32 %5 , 32 br i1 %6 , label %12 , label %7 78 %8 = load i32 , i32 * %3 , align 4                                                            ^ 1 error generated. '], ['failure : /bin/bash: unk: No such file or directory '], ['failure : /bin/bash: unk: No such file or directory '], ['failure : /bin/bash: unk: No such file or directory '], ['failure : /bin/bash: unk: No such file or directory '], ["failure : func_44dwwrsnehfw.ll:7:186: error: instruction forward referenced with type 'i64'  %8 = zext i8 %7 to i32 %9 = xor i32 %6 , %10 %10 = and i32 %9 , 255 %11 = zext i32 %10 to i64 %12 = getelementptr inbounds [ 256 x i32 ] , [ 256 x i32 ] * @crc32_tab , i64 0 , i64 %13 %13 = load i32 , i32 * %12 , align 4                                                                                                                                                                                          ^ 1 error generated. "], ["failure : func_7xczvzzkoap.ll:8:51: error: instruction forward referenced with type 'i32'  %8 = zext i8 %7 to i32 %9 = sub nsw i32 %6 , %10 %10 = trunc i32 %9 to i8 ret i8 %10 }                                                   ^ 1 error generated. "], ['failure : func_8qmqqwdtdxj.ll:8:192: error: expected instruction opcode  %8 = fmul float 0x3E30000000000000 , %9 %9 = fmul float %6 , %10 %10 = call float @llvm.fabs.f32 ( float %9 ) %11 = fcmp ogt float %10 , 0x3FEFFFFFE0000000 br i1 %11 , label %12 , label %12 113 %13 = load float , float * %3 , align 4                                                                                                                                                                                                ^ 1 error generated. '], ['failure : /bin/bash: unk: No such file or directory '], ["failure : func_7kplfakttpc.ll:8:51: error: instruction forward referenced with type 'i32'  %8 = zext i8 %7 to i32 %9 = sub nsw i32 %6 , %10 %10 = trunc i32 %9 to i8 ret i8 %10 }                                                   ^ 1 error generated. "], ['failure : func_31vpcllwkpzq.ll:36:1: error: found end of file when expecting more instructions 1 error generated. '], ['failure : func_94ufhuocmyxt.ll:7:81: error: expected instruction opcode  %6 = zext i16 %5 to i32 %7 = icmp eq i32 %6 , 0 br i1 %7 , label %8 , label %8 89 %9 = load i16 , i16 * %3 , align 2                                                                                 ^ 1 error generated. '], ["failure : func_1cjozzebscl.ll:5:19: error: '%1' defined with type 'label' but expected 'i32'  %4 = sub i32 0 , %1 ret i32 %4 }                   ^ 1 error generated. "], ["failure : func_60qzlyhoirjp.ll:8:47: error: instruction forward referenced with type 'i32'  %8 = zext i8 %7 to i32 %9 = mul i32 %6 , %10 %10 = trunc i32 %9 to i8 ret i8 %10 }                                               ^ 1 error generated. "], ['failure : /bin/bash: unk: No such file or directory '], ['failure : func_52soejdkrkwi.ll:5:67: error: expected instruction opcode  %4 = icmp eq i32 %3 , -2147483648 br i1 %4 , label %5 , label %5 56 %6 = load i32 , i32 * %2 , align 4                                                                   ^ 1 error generated. '], ['failure : func_22ypvhzxhoig.ll:24:21: error: expected type  %27 = alloca i32 * ,                     ^ 1 error generated. '], ["failure : /bin/bash: -c: line 0: syntax error near unexpected token `<' /bin/bash: -c: line 0: `ulimit -S -v 2147483648; cd /home/carl/TransCoder/output/bt_sa/s4myrbnauq/eval_scripts/cpp_sa-llvm_sa.valid && clang <unk> <unk> bquugmj<unk> r.ll -S' "], ['failure : func_24bhxzqncwjt.ll:12:15: error: expected instruction opcode  br label %10 111 %11 = load i32 , i32 * %9 , align 4               ^ 1 error generated. '], ['failure : func_72glhnujmilm.ll:7:81: error: expected instruction opcode  %6 = sext i8 %5 to i32 %7 = icmp eq i32 %6 , 0 br i1 %7 , label %16 , label %8 89 %9 = load i8 , i8 * %3 , align 1                                                                                 ^ 1 error generated. '], ['failure : /bin/bash: unk: No such file or directory '], ['failure : /bin/bash: unk: No such file or directory '], ["failure : /bin/bash: -c: line 0: syntax error near unexpected token `<' /bin/bash: -c: line 0: `ulimit -S -v 2147483648; cd /home/carl/TransCoder/output/bt_sa/s4myrbnauq/eval_scripts/cpp_sa-llvm_sa.valid && clang <unk> <unk> b<unk> xuzotkx.ll -S' "], ["failure : /bin/bash: -c: line 0: syntax error near unexpected token `<' /bin/bash: -c: line 0: `ulimit -S -v 2147483648; cd /home/carl/TransCoder/output/bt_sa/s4myrbnauq/eval_scripts/cpp_sa-llvm_sa.valid && clang <unk> <unk> <unk> <unk> pl<unk> j.ll -S' "], ["failure : /bin/bash: -c: line 0: syntax error near unexpected token `<' /bin/bash: -c: line 0: `ulimit -S -v 2147483648; cd /home/carl/TransCoder/output/bt_sa/s4myrbnauq/eval_scripts/cpp_sa-llvm_sa.valid && clang <unk> <unk> fboqriyydq.ll -S' "], ["failure : /bin/bash: -c: line 0: syntax error near unexpected token `<' /bin/bash: -c: line 0: `ulimit -S -v 2147483648; cd /home/carl/TransCoder/output/bt_sa/s4myrbnauq/eval_scripts/cpp_sa-llvm_sa.valid && clang <unk> <unk> qlfl<unk> v<unk> h.ll -S' "], ['failure : /bin/bash: unk: No such file or directory '], ["failure : /bin/bash: -c: line 0: syntax error near unexpected token `<' /bin/bash: -c: line 0: `ulimit -S -v 2147483648; cd /home/carl/TransCoder/output/bt_sa/s4myrbnauq/eval_scripts/cpp_sa-llvm_sa.valid && clang <unk> <unk> lbrajnlccg.ll -S' "], ["failure : /bin/bash: -c: line 0: syntax error near unexpected token `<' /bin/bash: -c: line 0: `ulimit -S -v 2147483648; cd /home/carl/TransCoder/output/bt_sa/s4myrbnauq/eval_scripts/cpp_sa-llvm_sa.valid && clang <unk> <unk> j<unk> qjhdtab.ll -S' "], ["failure : /bin/bash: -c: line 0: syntax error near unexpected token `<' /bin/bash: -c: line 0: `ulimit -S -v 2147483648; cd /home/carl/TransCoder/output/bt_sa/s4myrbnauq/eval_scripts/cpp_sa-llvm_sa.valid && clang <unk> <unk> jojslwdqma.ll -S' "], ["failure : /bin/bash: -c: line 0: syntax error near unexpected token `<' /bin/bash: -c: line 0: `ulimit -S -v 2147483648; cd /home/carl/TransCoder/output/bt_sa/s4myrbnauq/eval_scripts/cpp_sa-llvm_sa.valid && clang <unk> <unk> x<unk> btlujao.ll -S' "], ["failure : /bin/bash: -c: line 0: syntax error near unexpected token `<' /bin/bash: -c: line 0: `ulimit -S -v 2147483648; cd /home/carl/TransCoder/output/bt_sa/s4myrbnauq/eval_scripts/cpp_sa-llvm_sa.valid && clang <unk> <unk> hr<unk> zyrcjb.ll -S' "], ["failure : /bin/bash: -c: line 0: syntax error near unexpected token `<' /bin/bash: -c: line 0: `ulimit -S -v 2147483648; cd /home/carl/TransCoder/output/bt_sa/s4myrbnauq/eval_scripts/cpp_sa-llvm_sa.valid && clang <unk> <unk> gduuyb<unk> bh.ll -S' "], ["failure : /bin/bash: -c: line 0: syntax error near unexpected token `<' /bin/bash: -c: line 0: `ulimit -S -v 2147483648; cd /home/carl/TransCoder/output/bt_sa/s4myrbnauq/eval_scripts/cpp_sa-llvm_sa.valid && clang <unk> <unk> ryioyavttp.ll -S' "], ["failure : /bin/bash: -c: line 0: syntax error near unexpected token `<' /bin/bash: -c: line 0: `ulimit -S -v 2147483648; cd /home/carl/TransCoder/output/bt_sa/s4myrbnauq/eval_scripts/cpp_sa-llvm_sa.valid && clang <unk> <unk> rywjykufks.ll -S' "], ["failure : /bin/bash: -c: line 0: syntax error near unexpected token `<' /bin/bash: -c: line 0: `ulimit -S -v 2147483648; cd /home/carl/TransCoder/output/bt_sa/s4myrbnauq/eval_scripts/cpp_sa-llvm_sa.valid && clang <unk> <unk> xcyvhcdmlq.ll -S' "], ["failure : /bin/bash: -c: line 0: syntax error near unexpected token `<' /bin/bash: -c: line 0: `ulimit -S -v 2147483648; cd /home/carl/TransCoder/output/bt_sa/s4myrbnauq/eval_scripts/cpp_sa-llvm_sa.valid && clang <unk> <unk> eqkswkaxyd.ll -S' "], ['failure : /bin/bash: unk: No such file or directory '], ['failure : /bin/bash: unk: No such file or directory '], ['failure : func_16ynsgifcfne.ll:7:80: error: expected instruction opcode  %6 = zext i8 %5 to i32 %7 = icmp eq i32 %6 , 0 br i1 %7 , label %8 , label %8 89 %9 = load i8 , i8 * %3 , align 1                                                                                ^ 1 error generated. '], ['failure : func_73ouxzviesxy.ll:7:57: error: expected instruction opcode  %6 = icmp eq i32 %5 , 0 br i1 %6 , label %7 , label %7 78 %8 = load i32 , i32 * %3 , align 4                                                         ^ 1 error generated. '], ["failure : /bin/bash: -c: line 0: syntax error near unexpected token `<' /bin/bash: -c: line 0: `ulimit -S -v 2147483648; cd /home/carl/TransCoder/output/bt_sa/s4myrbnauq/eval_scripts/cpp_sa-llvm_sa.valid && clang <unk> <unk> xlqmslqwiz.ll -S' "], ["failure : /bin/bash: -c: line 0: syntax error near unexpected token `<' /bin/bash: -c: line 0: `ulimit -S -v 2147483648; cd /home/carl/TransCoder/output/bt_sa/s4myrbnauq/eval_scripts/cpp_sa-llvm_sa.valid && clang func_10<unk> <unk> brynug.ll -S' "], ['failure : /bin/bash: unk: No such file or directory '], ["failure : /bin/bash: -c: line 0: syntax error near unexpected token `<' /bin/bash: -c: line 0: `ulimit -S -v 2147483648; cd /home/carl/TransCoder/output/bt_sa/s4myrbnauq/eval_scripts/cpp_sa-llvm_sa.valid && clang <unk> <unk> rgzgwazgsf.ll -S' "], ["failure : func_36gcyamtezmz.ll:14:100: error: '%11' defined with type 'i32*' but expected 'i32**'  store i32 * getelementptr inbounds ( [ 9 x i32 ] , [ 9 x i32 ] * @g_6 , i64 0 , i64 1 ) , i32 * * %11 , align 8                                                                                                    ^ 1 error generated. "], ['failure : /bin/bash: unk: No such file or directory '], ['failure : func_33gmwpjdmqim.ll:8:191: error: expected instruction opcode  %8 = fmul double 5.000000e-01 , %9 %9 = fadd double %6 , %10 %10 = call double @llvm.fabs.f64 ( double %9 ) %11 = fcmp ogt double %10 , 0x7FDFFFFFFFFFFFFF br i1 %11 , label %12 , label %12 113 %13 = load double , double * %3 , align 8                                                                                                                                                                                               ^ 1 error generated. '], ['failure : /bin/bash: unk: No such file or directory '], ["failure : func_1bltbcusfqz.ll:5:19: error: '%1' defined with type 'label' but expected 'i32'  %4 = sub i32 0 , %1 ret i32 %4 }                   ^ 1 error generated. "], ['failure : /bin/bash: unk: No such file or directory '], ["failure : func_1vugrnmtiml.ll:5:19: error: '%1' defined with type 'label' but expected 'i32'  %4 = sub i32 0 , %1 ret i32 %4 }                   ^ 1 error generated. "], ['failure : /bin/bash: unk: No such file or directory '], ['failure : func_30ixvzjooamq.ll:7:82: error: expected instruction opcode  %6 = sext i8 %5 to i32 %7 = icmp slt i32 %6 , 0 br i1 %7 , label %17 , label %8 89 %9 = load i32 , i32 * %4 , align 4                                                                                  ^ 1 error generated. '], ['failure : func_62mwgmzcwbsx.ll:7:57: error: expected instruction opcode  %6 = icmp eq i32 %5 , 0 br i1 %6 , label %7 , label %7 78 %8 = load i32 , i32 * %3 , align 4                                                         ^ 1 error generated. '], ['failure : func_14glfkboticp.ll:5:67: error: expected instruction opcode  %4 = icmp eq i32 %3 , -2147483648 br i1 %4 , label %5 , label %5 56 %6 = load i32 , i32 * %2 , align 4                                                                   ^ 1 error generated. '], ['failure : func_45ilpyqjuxrq.ll:7:82: error: expected instruction opcode  %6 = sext i8 %5 to i32 %7 = icmp slt i32 %6 , 0 br i1 %7 , label %17 , label %8 89 %9 = load i32 , i32 * %4 , align 4                                                                                  ^ 1 error generated. '], ["failure : /bin/bash: -c: line 0: syntax error near unexpected token `<' /bin/bash: -c: line 0: `ulimit -S -v 2147483648; cd /home/carl/TransCoder/output/bt_sa/s4myrbnauq/eval_scripts/cpp_sa-llvm_sa.valid && clang <unk> <unk> kourbfi<unk> l.ll -S' "], ['failure : /bin/bash: unk: No such file or directory '], ['failure : /bin/bash: unk: No such file or directory '], ['failure : /bin/bash: unk: No such file or directory '], ['failure : /bin/bash: unk: No such file or directory '], ["failure : /bin/bash: -c: line 0: syntax error near unexpected token `<' /bin/bash: -c: line 0: `ulimit -S -v 2147483648; cd /home/carl/TransCoder/output/bt_sa/s4myrbnauq/eval_scripts/cpp_sa-llvm_sa.valid && clang <unk> <unk> cn<unk> mvvk<unk>.ll -S' "], ['failure : /bin/bash: unk: No such file or directory '], ['failure : func_21ygvpxeeeqx.ll:7:59: error: expected instruction opcode  %6 = icmp slt i32 %5 , 0 br i1 %6 , label %18 , label %7 78 %8 = load i32 , i32 * %4 , align 4                                                           ^ 1 error generated. '], ['failure : warning: overriding the module target triple with x86_64-unknown-linux-gnu [-Woverride-module] 1 warning generated. '], ['failure : warning: overriding the module target triple with x86_64-unknown-linux-gnu [-Woverride-module] 1 warning generated. '], ["failure : /bin/bash: -c: line 0: syntax error near unexpected token `<' /bin/bash: -c: line 0: `ulimit -S -v 2147483648; cd /home/carl/TransCoder/output/bt_sa/s4myrbnauq/eval_scripts/cpp_sa-llvm_sa.valid && clang <unk> <unk> mkhp<unk> jsfu.ll -S' "], ['failure : func_36uwbwrvvdsn.ll:8:14: error: expected instruction opcode  br label %5 56 %6 = load i32 , i32 * %3 , align 4              ^ 1 error generated. '], ["failure : func_1peopzovnep.ll:5:19: error: '%1' defined with type 'label' but expected 'i32'  %4 = sub i32 0 , %1 ret i32 %4 }                   ^ 1 error generated. "], ['failure : /bin/bash: unk: No such file or directory '], ["failure : /bin/bash: -c: line 0: syntax error near unexpected token `<' /bin/bash: -c: line 0: `ulimit -S -v 2147483648; cd /home/carl/TransCoder/output/bt_sa/s4myrbnauq/eval_scripts/cpp_sa-llvm_sa.valid && clang <unk> <unk> qnmhv<unk> lql.ll -S' "], ['failure : func_23lcurxlnpdt.ll:7:82: error: expected instruction opcode  %6 = sext i8 %5 to i32 %7 = icmp slt i32 %6 , 0 br i1 %7 , label %20 , label %8 89 %9 = load i32 , i32 * %4 , align 4                                                                                  ^ 1 error generated. '], ["failure : /bin/bash: -c: line 0: syntax error near unexpected token `<' /bin/bash: -c: line 0: `ulimit -S -v 2147483648; cd /home/carl/TransCoder/output/bt_sa/s4myrbnauq/eval_scripts/cpp_sa-llvm_sa.valid && clang func_54<unk> r<unk> <unk> zg.ll -S' "], ['failure : /bin/bash: unk: No such file or directory '], ["failure : /bin/bash: -c: line 0: syntax error near unexpected token `<' /bin/bash: -c: line 0: `ulimit -S -v 2147483648; cd /home/carl/TransCoder/output/bt_sa/s4myrbnauq/eval_scripts/cpp_sa-llvm_sa.valid && clang <unk> <unk> kzswriruqy.ll -S' "], ['failure : /bin/bash: unk: No such file or directory '], ['failure : /bin/bash: unk: No such file or directory '], ['failure : /bin/bash: unk: No such file or directory '], ['failure : /bin/bash: unk: No such file or directory '], ["failure : /bin/bash: -c: line 0: syntax error near unexpected token `<' /bin/bash: -c: line 0: `ulimit -S -v 2147483648; cd /home/carl/TransCoder/output/bt_sa/s4myrbnauq/eval_scripts/cpp_sa-llvm_sa.valid && clang func_11n<unk> <unk> <unk> syn.ll -S' "], ['failure : /bin/bash: unk: No such file or directory '], ['failure : /bin/bash: unk: No such file or directory '], ['failure : /bin/bash: unk: No such file or directory '], ['failure : /bin/bash: unk: No such file or directory '], ["failure : func_9ikcmfdumnr.ll:48:6: error: expected '=' after instruction id  %49 %49 = alloca i32 * , align 8      ^ 1 error generated. "], ["failure : /bin/bash: -c: line 0: syntax error near unexpected token `<' /bin/bash: -c: line 0: `ulimit -S -v 2147483648; cd /home/carl/TransCoder/output/bt_sa/s4myrbnauq/eval_scripts/cpp_sa-llvm_sa.valid && clang func_1zaj<unk> <unk> svm.ll -S' "], ['failure : /bin/bash: unk: No such file or directory '], ['failure : warning: overriding the module target triple with x86_64-unknown-linux-gnu [-Woverride-module] 1 warning generated. '], ['failure : /bin/bash: unk: No such file or directory '], ['failure : func_90bvynylrrna.ll:7:58: error: expected instruction opcode  %6 = icmp eq i64 %5 , 0 br i1 %6 , label %13 , label %7 78 %8 = load i64 , i64 * %3 , align 8                                                          ^ 1 error generated. '], ['failure : /bin/bash: unk: No such file or directory '], ['failure : func_5bhppbojnvi.ll:7:59: error: expected instruction opcode  %6 = icmp slt i32 %5 , 0 br i1 %6 , label %15 , label %7 78 %8 = load i32 , i32 * %4 , align 4                                                           ^ 1 error generated. '], ['failure : /bin/bash: unk: No such file or directory '], ['failure : /bin/bash: unk: No such file or directory '], ["failure : func_22qlwaiomnxw.ll:53:2: error: instruction expected to be numbered '%53'  %42 = alloca i32 * , align 8  ^ 1 error generated. "], ['failure : func_40pequrocmio.ll:12:1: error: expected value token declare void @crc32_byte ( i8 ) ^ 1 error generated. '], ["failure : /bin/bash: -c: line 0: syntax error near unexpected token `<' /bin/bash: -c: line 0: `ulimit -S -v 2147483648; cd /home/carl/TransCoder/output/bt_sa/s4myrbnauq/eval_scripts/cpp_sa-llvm_sa.valid && clang <unk> <unk> brwhywioad.ll -S' "], ['failure : /bin/bash: unk: No such file or directory '], ['failure : /bin/bash: unk: No such file or directory '], ["failure : /bin/bash: -c: line 0: syntax error near unexpected token `<' /bin/bash: -c: line 0: `ulimit -S -v 2147483648; cd /home/carl/TransCoder/output/bt_sa/s4myrbnauq/eval_scripts/cpp_sa-llvm_sa.valid && clang func_40r<unk> <unk> dgbap.ll -S' "], ['failure : /bin/bash: unk: No such file or directory '], ['failure : /bin/bash: unk: No such file or directory '], ['failure : /bin/bash: unk: No such file or directory '], ['failure : /bin/bash: unk: No such file or directory '], ['failure : func_31rckmbqyhxr.ll:8:191: error: expected instruction opcode  %8 = fmul double 5.000000e-01 , %9 %9 = fsub double %6 , %10 %10 = call double @llvm.fabs.f64 ( double %9 ) %11 = fcmp ogt double %10 , 0x7FDFFFFFFFFFFFFF br i1 %11 , label %12 , label %12 113 %13 = load double , double * %3 , align 8                                                                                                                                                                                               ^ 1 error generated. '], ["failure : func_64xpqpkqqhwm.ll:8:47: error: instruction forward referenced with type 'i32'  %8 = zext i8 %7 to i32 %9 = mul i32 %6 , %10 %10 = trunc i32 %9 to i8 ret i8 %10 }                                               ^ 1 error generated. "], ['failure : /bin/bash: unk: No such file or directory '], ['failure : /bin/bash: unk: No such file or directory '], ["failure : /bin/bash: -c: line 0: syntax error near unexpected token `<' /bin/bash: -c: line 0: `ulimit -S -v 2147483648; cd /home/carl/TransCoder/output/bt_sa/s4myrbnauq/eval_scripts/cpp_sa-llvm_sa.valid && clang <unk> <unk> jlkqo<unk> txr.ll -S' "], ['failure : func_72kgzhtzsyii.ll:7:57: error: expected instruction opcode  %6 = icmp eq i32 %5 , 0 br i1 %6 , label %7 , label %7 78 %8 = load i32 , i32 * %3 , align 4                                                         ^ 1 error generated. '], ['failure : /bin/bash: unk: No such file or directory '], ['failure : /bin/bash: unk: No such file or directory '], ['failure : func_52dfcffolroz.ll:5:67: error: expected instruction opcode  %4 = icmp eq i32 %3 , -2147483648 br i1 %4 , label %5 , label %5 56 %6 = load i32 , i32 * %2 , align 4                                                                   ^ 1 error generated. '], ['failure : /bin/bash: unk: No such file or directory '], ['failure : func_8wyzxqzxeem.ll:7:82: error: expected instruction opcode  %6 = sext i8 %5 to i32 %7 = icmp slt i32 %6 , 0 br i1 %7 , label %14 , label %8 89 %9 = load i32 , i32 * %4 , align 4                                                                                  ^ 1 error generated. '], ['failure : /bin/bash: unk: No such file or directory '], ['failure : /bin/bash: unk: No such file or directory '], ['failure : /bin/bash: unk: No such file or directory '], ['failure : /bin/bash: unk: No such file or directory '], ['failure : /bin/bash: unk: No such file or directory '], ['failure : /bin/bash: unk: No such file or directory '], ["failure : func_66ekysvxzhpx.ll:8:52: error: instruction forward referenced with type 'i32'  %8 = sext i16 %7 to i32 %9 = mul nsw i32 %6 , %10 %10 = trunc i32 %9 to i16 ret i16 %10 }                                                    ^ 1 error generated. "], ['failure : func_65pimhykvhrs.ll:8:196: error: expected instruction opcode  %8 = fmul double 0x630000000000000 , %9 %9 = fmul double %6 , %10 %10 = call double @llvm.fabs.f64 ( double %9 ) %11 = fcmp ogt double %10 , 0x3FEFFFFFFFFFFFFF br i1 %11 , label %12 , label %12 113 %13 = load double , double * %3 , align 8                                                                                                                                                                                                    ^ 1 error generated. '], ['failure : /bin/bash: unk: No such file or directory '], ["failure : func_28vwpnixjiaw.ll:8:51: error: instruction forward referenced with type 'i32'  %8 = zext i8 %7 to i32 %9 = sub nsw i32 %6 , %10 %10 = trunc i32 %9 to i8 ret i8 %10 }                                                   ^ 1 error generated. "], ['failure : func_45wkdkqpjoen.ll:8:191: error: expected instruction opcode  %8 = fmul double 5.000000e-01 , %9 %9 = fadd double %6 , %10 %10 = call double @llvm.fabs.f64 ( double %9 ) %11 = fcmp ogt double %10 , 0x7FDFFFFFFFFFFFFF br i1 %11 , label %12 , label %12 113 %13 = load double , double * %3 , align 8                                                                                                                                                                                               ^ 1 error generated. '], ["failure : func_1nmbhmrmlnv.ll:5:50: error: instruction forward referenced with type 'i32'  %4 = sext i16 %3 to i32 %5 = sub nsw i32 0 , %6 %6 = trunc i32 %5 to i16 ret i16 %6 }                                                  ^ 1 error generated. "], ['failure : /bin/bash: unk: No such file or directory '], ['failure : func_18yqxoyggujo.ll:7:80: error: expected instruction opcode  %6 = zext i8 %5 to i32 %7 = icmp eq i32 %6 , 0 br i1 %7 , label %8 , label %8 89 %9 = load i8 , i8 * %3 , align 1                                                                                ^ 1 error generated. '], ["failure : func_1swdnqkiqnq.ll:5:49: error: instruction forward referenced with type 'i32'  %4 = zext i8 %3 to i32 %5 = sub nsw i32 0 , %6 %6 = trunc i32 %5 to i8 ret i8 %6 }                                                 ^ 1 error generated. "], ['failure : /bin/bash: unk: No such file or directory '], ['failure : /bin/bash: unk: No such file or directory '], ["failure : /bin/bash: -c: line 0: syntax error near unexpected token `<' /bin/bash: -c: line 0: `ulimit -S -v 2147483648; cd /home/carl/TransCoder/output/bt_sa/s4myrbnauq/eval_scripts/cpp_sa-llvm_sa.valid && clang func_62<unk> <unk> rpjhhn.ll -S' "], ['failure : func_71ldyfluapxf.ll:8:14: error: expected instruction opcode  br label %5 56 %6 = load i32 , i32 * %3 , align 4              ^ 1 error generated. '], ['failure : /bin/bash: unk: No such file or directory '], ['failure : /bin/bash: unk: No such file or directory '], ['failure : func_29vlszkrvsol.ll:12:15: error: expected instruction opcode  br label %10 111 %11 = load i32 , i32 * %9 , align 4               ^ 1 error generated. '], ['failure : /bin/bash: unk: No such file or directory '], ['failure : /bin/bash: unk: No such file or directory '], ['failure : func_8mpxfmxrwcz.ll:7:83: error: expected instruction opcode  %6 = sext i16 %5 to i32 %7 = icmp slt i32 %6 , 0 br i1 %7 , label %14 , label %8 89 %9 = load i32 , i32 * %4 , align 4                                                                                   ^ 1 error generated. '], ['failure : func_8jvuqrdhsds.ll:8:191: error: expected instruction opcode  %8 = fmul double 5.000000e-01 , %9 %9 = fsub double %6 , %10 %10 = call double @llvm.fabs.f64 ( double %9 ) %11 = fcmp ogt double %10 , 0x7FDFFFFFFFFFFFFF br i1 %11 , label %12 , label %12 113 %13 = load double , double * %3 , align 8                                                                                                                                                                                               ^ 1 error generated. '], ["failure : func_1lhwswyhqod.ll:5:49: error: instruction forward referenced with type 'i32'  %4 = zext i8 %3 to i32 %5 = sub nsw i32 0 , %6 %6 = trunc i32 %5 to i8 ret i8 %6 }                                                 ^ 1 error generated. "], ['failure : /bin/bash: unk: No such file or directory ']]INFO - 06/16/21 13:48:07 - 0:02:15 - Computation res valid cpp_sa llvm_sa : {"error": 0, "failure": 390, "identical_gold": 0, "script_not_found": 0, "success": 0, "timeout": 0, "total": 390, "total_evaluated": 390}
It is not advisable to publish scores from multi-bleu.perl.  The scores depend on your tokenizer, which is unlikely to be reproducible from your paper or consistent across research groups.  Instead you should detokenize then use mteval-v14.pl, which has a standard tokenization.  Scores from multi-bleu.perl can still be used for internal purposes when you have a consistent tokenizer.
INFO - 06/16/21 13:48:08 - 0:02:16 - BLEU /home/carl/TransCoder/output/bt_sa/s4myrbnauq/hypotheses/hyp0.cpp_sa-llvm_sa.valid_beam0.txt /home/carl/TransCoder/output/bt_sa/s4myrbnauq/hypotheses/ref.cpp_sa-llvm_sa.valid.txt : 13.970000

Traceback (most recent call last):
  File "XLM/train.py", line 340, in <module>
    main(params)
  File "XLM/train.py", line 308, in main
    scores = evaluator.run_all_evals(trainer)
  File "/mnt/sabrent/carl/TransCoder/XLM/src/evaluation/evaluator.py", line 228, in run_all_evals
    self.evaluate_mt(scores, data_set, lang1,
  File "/mnt/sabrent/carl/TransCoder/XLM/src/evaluation/evaluator.py", line 486, in evaluate_mt
    generated, lengths = decoder.generate(
  File "/mnt/sabrent/carl/TransCoder/XLM/src/model/transformer.py", line 510, in generate
    tensor = self.forward(
  File "/home/carl/anaconda3/lib/python3.8/site-packages/apex/amp/_initialize.py", line 196, in new_fwd
    output = old_fwd(*applier(args, input_caster),
  File "/mnt/sabrent/carl/TransCoder/XLM/src/model/transformer.py", line 328, in forward
    return self.fwd(**kwargs)
  File "/mnt/sabrent/carl/TransCoder/XLM/src/model/transformer.py", line 400, in fwd
    attn = self.attentions[i](tensor, attn_mask, use_cache=use_cache)
  File "/home/carl/anaconda3/lib/python3.8/site-packages/torch/nn/modules/module.py", line 889, in _call_impl
    result = self.forward(*input, **kwargs)
  File "/mnt/sabrent/carl/TransCoder/XLM/src/model/transformer.py", line 225, in forward
    return self.out_lin(context)
  File "/home/carl/anaconda3/lib/python3.8/site-packages/torch/nn/modules/module.py", line 889, in _call_impl
    result = self.forward(*input, **kwargs)
  File "/home/carl/anaconda3/lib/python3.8/site-packages/torch/nn/modules/linear.py", line 94, in forward
    return F.linear(input, self.weight, self.bias)
  File "/home/carl/anaconda3/lib/python3.8/site-packages/torch/nn/functional.py", line 1753, in linear
    return torch._C._nn.linear(input, weight, bias)
KeyboardInterrupt
